[2026-05-18T14:22:00.003Z] [info] %cDownload the React DevTools for a better development experience: https://react.dev/link/react-devtools font-weight:bold
[2026-05-18T14:22:00.088Z] [log] [HMR] connected
[2026-05-18T14:22:00.670Z] [info] %cDownload the React DevTools for a better development experience: https://react.dev/link/react-devtools font-weight:bold
[2026-05-18T14:22:00.693Z] [log] [HMR] connected
[2026-05-18T14:22:45.421Z] [info] %cDownload the React DevTools for a better development experience: https://react.dev/link/react-devtools font-weight:bold
[2026-05-18T14:22:45.470Z] [log] [HMR] connected
[2026-05-18T14:22:59.351Z] [info] %cDownload the React DevTools for a better development experience: https://react.dev/link/react-devtools font-weight:bold
[2026-05-18T14:22:59.360Z] [log] [HMR] connected
[2026-05-18T14:23:15.875Z] [info] %cDownload the React DevTools for a better development experience: https://react.dev/link/react-devtools font-weight:bold
[2026-05-18T14:23:15.911Z] [log] [HMR] connected
[2026-05-18T14:23:16.204Z] [info] %cDownload the React DevTools for a better development experience: https://react.dev/link/react-devtools font-weight:bold
[2026-05-18T14:23:16.221Z] [log] [HMR] connected
[2026-05-18T14:23:16.578Z] [info] %cDownload the React DevTools for a better development experience: https://react.dev/link/react-devtools font-weight:bold
[2026-05-18T14:23:16.592Z] [log] [HMR] connected
[2026-05-18T14:23:21.858Z] [info] %cDownload the React DevTools for a better development experience: https://react.dev/link/react-devtools font-weight:bold
[2026-05-18T14:23:21.866Z] [log] [HMR] connected
[2026-05-18T14:23:55.206Z] [log] [Fast Refresh] rebuilding
[2026-05-18T14:23:55.256Z] [log] [Fast Refresh] done in 10ms
[2026-05-18T14:24:02.056Z] [info] %cDownload the React DevTools for a better development experience: https://react.dev/link/react-devtools font-weight:bold
[2026-05-18T14:24:02.093Z] [log] [HMR] connected
[2026-05-18T14:24:02.709Z] [info] %cDownload the React DevTools for a better development experience: https://react.dev/link/react-devtools font-weight:bold
[2026-05-18T14:24:02.726Z] [log] [HMR] connected
[2026-05-18T14:24:17.033Z] [error] WebSocket connection to 'ws://localhost:3007/_next/webpack-hmr?id=o11GtQ82yg8tph_p_eVja' failed: Error in connection establishment: net::ERR_CONNECTION_REFUSED
[2026-05-18T14:24:18.035Z] [error] WebSocket connection to 'ws://localhost:3007/_next/webpack-hmr?id=o11GtQ82yg8tph_p_eVja' failed: Error in connection establishment: net::ERR_CONNECTION_REFUSED
[2026-05-18T14:24:19.038Z] [error] WebSocket connection to 'ws://localhost:3007/_next/webpack-hmr?id=o11GtQ82yg8tph_p_eVja' failed: Error in connection establishment: net::ERR_CONNECTION_REFUSED
[2026-05-18T14:24:20.041Z] [error] WebSocket connection to 'ws://localhost:3007/_next/webpack-hmr?id=o11GtQ82yg8tph_p_eVja' failed: Error in connection establishment: net::ERR_CONNECTION_REFUSED
[2026-05-18T14:24:21.043Z] [error] WebSocket connection to 'ws://localhost:3007/_next/webpack-hmr?id=o11GtQ82yg8tph_p_eVja' failed: Error in connection establishment: net::ERR_CONNECTION_REFUSED
[2026-05-18T14:24:26.046Z] [error] WebSocket connection to 'ws://localhost:3007/_next/webpack-hmr?id=o11GtQ82yg8tph_p_eVja' failed: Error in connection establishment: net::ERR_CONNECTION_REFUSED
[2026-05-18T14:24:31.049Z] [error] WebSocket connection to 'ws://localhost:3007/_next/webpack-hmr?id=o11GtQ82yg8tph_p_eVja' failed: Error in connection establishment: net::ERR_CONNECTION_REFUSED
[2026-05-18T14:24:36.053Z] [error] WebSocket connection to 'ws://localhost:3007/_next/webpack-hmr?id=o11GtQ82yg8tph_p_eVja' failed: Error in connection establishment: net::ERR_CONNECTION_REFUSED
[2026-05-18T14:24:41.056Z] [error] WebSocket connection to 'ws://localhost:3007/_next/webpack-hmr?id=o11GtQ82yg8tph_p_eVja' failed: Error in connection establishment: net::ERR_CONNECTION_REFUSED
[2026-05-18T14:24:46.060Z] [error] WebSocket connection to 'ws://localhost:3007/_next/webpack-hmr?id=o11GtQ82yg8tph_p_eVja' failed: Error in connection establishment: net::ERR_CONNECTION_REFUSED
[2026-05-18T14:24:51.062Z] [error] WebSocket connection to 'ws://localhost:3007/_next/webpack-hmr?id=o11GtQ82yg8tph_p_eVja' failed: Error in connection establishment: net::ERR_CONNECTION_REFUSED
[2026-05-18T14:24:56.066Z] [error] WebSocket connection to 'ws://localhost:3007/_next/webpack-hmr?id=o11GtQ82yg8tph_p_eVja' failed: Error in connection establishment: net::ERR_CONNECTION_REFUSED
[2026-05-18T14:26:00.058Z] [info] %cDownload the React DevTools for a better development experience: https://react.dev/link/react-devtools font-weight:bold
[2026-05-18T14:26:00.124Z] [log] [HMR] connected
[2026-05-18T14:26:00.618Z] [info] %cDownload the React DevTools for a better development experience: https://react.dev/link/react-devtools font-weight:bold
[2026-05-18T14:26:00.631Z] [log] [HMR] connected
[2026-05-18T14:26:11.853Z] [info] %cDownload the React DevTools for a better development experience: https://react.dev/link/react-devtools font-weight:bold
[2026-05-18T14:26:11.895Z] [log] [HMR] connected
[2026-05-18T14:26:27.419Z] [log] [Fast Refresh] rebuilding
[2026-05-18T14:26:27.457Z] [log] [Fast Refresh] done in 110ms
[2026-05-18T14:26:32.637Z] [log] [Fast Refresh] rebuilding
[2026-05-18T14:26:32.666Z] [log] [Fast Refresh] done in 7ms
[2026-05-18T14:26:39.451Z] [log] [Fast Refresh] rebuilding
[2026-05-18T14:26:39.488Z] [log] [Fast Refresh] done in 43ms
[2026-05-18T14:26:55.648Z] [info] %cDownload the React DevTools for a better development experience: https://react.dev/link/react-devtools font-weight:bold
[2026-05-18T14:26:55.689Z] [log] [HMR] connected
[2026-05-18T14:26:56.266Z] [info] %cDownload the React DevTools for a better development experience: https://react.dev/link/react-devtools font-weight:bold
[2026-05-18T14:26:56.282Z] [log] [HMR] connected
[2026-05-18T14:27:16.646Z] [error] WebSocket connection to 'ws://localhost:3007/_next/webpack-hmr?id=1P1H2sGSn-Islv8nFnRMz' failed: Error in connection establishment: net::ERR_CONNECTION_REFUSED
[2026-05-18T14:27:17.648Z] [error] WebSocket connection to 'ws://localhost:3007/_next/webpack-hmr?id=1P1H2sGSn-Islv8nFnRMz' failed: Error in connection establishment: net::ERR_CONNECTION_REFUSED
[2026-05-18T14:27:18.650Z] [error] WebSocket connection to 'ws://localhost:3007/_next/webpack-hmr?id=1P1H2sGSn-Islv8nFnRMz' failed: Error in connection establishment: net::ERR_CONNECTION_REFUSED
[2026-05-18T14:27:19.653Z] [error] WebSocket connection to 'ws://localhost:3007/_next/webpack-hmr?id=1P1H2sGSn-Islv8nFnRMz' failed: Error in connection establishment: net::ERR_CONNECTION_REFUSED
[2026-05-18T14:27:20.657Z] [error] WebSocket connection to 'ws://localhost:3007/_next/webpack-hmr?id=1P1H2sGSn-Islv8nFnRMz' failed: Error in connection establishment: net::ERR_CONNECTION_REFUSED
[2026-05-18T14:27:25.658Z] [error] WebSocket connection to 'ws://localhost:3007/_next/webpack-hmr?id=1P1H2sGSn-Islv8nFnRMz' failed: Error in connection establishment: net::ERR_CONNECTION_REFUSED
[2026-05-18T14:27:30.663Z] [error] WebSocket connection to 'ws://localhost:3007/_next/webpack-hmr?id=1P1H2sGSn-Islv8nFnRMz' failed: Error in connection establishment: net::ERR_CONNECTION_REFUSED
[2026-05-18T14:27:35.666Z] [error] WebSocket connection to 'ws://localhost:3007/_next/webpack-hmr?id=1P1H2sGSn-Islv8nFnRMz' failed: Error in connection establishment: net::ERR_CONNECTION_REFUSED
[2026-05-18T14:27:40.668Z] [error] WebSocket connection to 'ws://localhost:3007/_next/webpack-hmr?id=1P1H2sGSn-Islv8nFnRMz' failed: Error in connection establishment: net::ERR_CONNECTION_REFUSED
[2026-05-18T14:27:45.672Z] [error] WebSocket connection to 'ws://localhost:3007/_next/webpack-hmr?id=1P1H2sGSn-Islv8nFnRMz' failed: Error in connection establishment: net::ERR_CONNECTION_REFUSED
[2026-05-18T14:27:50.674Z] [error] WebSocket connection to 'ws://localhost:3007/_next/webpack-hmr?id=1P1H2sGSn-Islv8nFnRMz' failed: Error in connection establishment: net::ERR_CONNECTION_REFUSED
[2026-05-18T14:27:55.679Z] [error] WebSocket connection to 'ws://localhost:3007/_next/webpack-hmr?id=1P1H2sGSn-Islv8nFnRMz' failed: Error in connection establishment: net::ERR_CONNECTION_REFUSED
[2026-05-18T14:29:51.537Z] [info] %cDownload the React DevTools for a better development experience: https://react.dev/link/react-devtools font-weight:bold
[2026-05-18T14:29:51.605Z] [log] [HMR] connected
[2026-05-18T14:29:54.249Z] [info] %cDownload the React DevTools for a better development experience: https://react.dev/link/react-devtools font-weight:bold
[2026-05-18T14:29:54.258Z] [log] [HMR] connected
[2026-05-18T14:30:34.538Z] [error] WebSocket connection to 'ws://localhost:3007/_next/webpack-hmr?id=0v78D9StDqoi8n6y2ufXQ' failed: Error in connection establishment: net::ERR_CONNECTION_REFUSED
[2026-05-18T14:30:35.540Z] [error] WebSocket connection to 'ws://localhost:3007/_next/webpack-hmr?id=0v78D9StDqoi8n6y2ufXQ' failed: Error in connection establishment: net::ERR_CONNECTION_REFUSED
[2026-05-18T14:30:36.541Z] [error] WebSocket connection to 'ws://localhost:3007/_next/webpack-hmr?id=0v78D9StDqoi8n6y2ufXQ' failed: Error in connection establishment: net::ERR_CONNECTION_REFUSED
[2026-05-18T14:30:37.543Z] [error] WebSocket connection to 'ws://localhost:3007/_next/webpack-hmr?id=0v78D9StDqoi8n6y2ufXQ' failed: Error in connection establishment: net::ERR_CONNECTION_REFUSED
[2026-05-18T14:30:38.545Z] [error] WebSocket connection to 'ws://localhost:3007/_next/webpack-hmr?id=0v78D9StDqoi8n6y2ufXQ' failed: Error in connection establishment: net::ERR_CONNECTION_REFUSED
[2026-05-18T14:30:43.548Z] [error] WebSocket connection to 'ws://localhost:3007/_next/webpack-hmr?id=0v78D9StDqoi8n6y2ufXQ' failed: Error in connection establishment: net::ERR_CONNECTION_REFUSED
[2026-05-18T14:30:48.551Z] [error] WebSocket connection to 'ws://localhost:3007/_next/webpack-hmr?id=0v78D9StDqoi8n6y2ufXQ' failed: Error in connection establishment: net::ERR_CONNECTION_REFUSED
[2026-05-18T14:30:53.553Z] [error] WebSocket connection to 'ws://localhost:3007/_next/webpack-hmr?id=0v78D9StDqoi8n6y2ufXQ' failed: Error in connection establishment: net::ERR_CONNECTION_REFUSED
[2026-05-18T14:30:58.556Z] [error] WebSocket connection to 'ws://localhost:3007/_next/webpack-hmr?id=0v78D9StDqoi8n6y2ufXQ' failed: Error in connection establishment: net::ERR_CONNECTION_REFUSED
[2026-05-18T14:31:03.560Z] [error] WebSocket connection to 'ws://localhost:3007/_next/webpack-hmr?id=0v78D9StDqoi8n6y2ufXQ' failed: Error in connection establishment: net::ERR_CONNECTION_REFUSED
[2026-05-18T14:31:08.564Z] [error] WebSocket connection to 'ws://localhost:3007/_next/webpack-hmr?id=0v78D9StDqoi8n6y2ufXQ' failed: Error in connection establishment: net::ERR_CONNECTION_REFUSED
[2026-05-18T14:31:13.570Z] [error] WebSocket connection to 'ws://localhost:3007/_next/webpack-hmr?id=0v78D9StDqoi8n6y2ufXQ' failed: Error in connection establishment: net::ERR_CONNECTION_REFUSED
[2026-05-18T14:41:34.886Z] [warning] Datadog Browser SDK: No storage available for session. We will not send any data.
[2026-05-18T14:41:35.051Z] [warning] Datadog Browser SDK: No storage available for session. We will not send any data.
[2026-05-18T14:41:35.072Z] [log] %c
░░░░░░░░░░░░░░░░░░░░░░░░░░░░░░░░░░░░░░░░░░░░░░░░░░░░░░░░░░░░░░░░
░░░░░░░░░░░░░░░░░░░░░░░░░░░░░░░░░░░░░░░░░░░░░░░░░░░░░░░░░░░░░░░░
░░░░░░░░░░░░░░░░░░░░░░ SUBSTACK WANTS YOU ░░░░░░░░░░░░░░░░░░░░░░
░░░░░░░░░░░░░░░░░░░░░░░░░░░░░░░░░░░░░░░░░░░░░░░░░░░░░░░░░░░░░░░░
░░░░░░░░░░░░░░░░░░░░░░░░░░░░░░░░░░░░░░░░░░░░░░░░░░░░░░░░░░░░░░░░
░░░░░░░░░░░░░░░▓▓▓▓▓▓▓▓▓▓▓▓▓▓▓▓▓▓▓▓▓▓▓▓▓▓▓▓▓▓▓▓▓▓░░░░░░░░░░░░░░░
░░░░░░░░░░░░░░░▓▓▓▓▓▓▓▓▓▓▓▓▓▓▓▓▓▓▓▓▓▓▓▓▓▓▓▓▓▓▓▓▓▓░░░░░░░░░░░░░░░
░░░░░░░░░░░░░░░░░░░░░░░░░░░░░░░░░░░░░░░░░░░░░░░░░░░░░░░░░░░░░░░░
░░░░░░░░░░░░░░░▓▓▓▓▓▓▓▓▓▓▓▓▓▓▓▓▓▓▓▓▓▓▓▓▓▓▓▓▓▓▓▓▓▓░░░░░░░░░░░░░░░
░░░░░░░░░░░░░░░▓▓▓▓▓▓▓▓▓▓▓▓▓▓▓▓▓▓▓▓▓▓▓▓▓▓▓▓▓▓▓▓▓▓░░░░░░░░░░░░░░░
░░░░░░░░░░░░░░░░░░░░░░░░░░░░░░░░░░░░░░░░░░░░░░░░░░░░░░░░░░░░░░░░
░░░░░░░░░░░░░░░▓▓▓▓▓▓▓▓▓▓▓▓▓▓▓▓▓▓▓▓▓▓▓▓▓▓▓▓▓▓▓▓▓▓░░░░░░░░░░░░░░░
░░░░░░░░░░░░░░░▓▓▓▓▓▓▓▓▓▓▓▓▓▓▓▓▓▓▓▓▓▓▓▓▓▓▓▓▓▓▓▓▓▓░░░░░░░░░░░░░░░
░░░░░░░░░░░░░░░▓▓▓▓▓▓▓▓▓▓▓▓▓▓▓▓▓▓▓▓▓▓▓▓▓▓▓▓▓▓▓▓▓▓░░░░░░░░░░░░░░░
░░░░░░░░░░░░░░░▓▓▓▓▓▓▓▓▓▓▓▓▓▓▓▓▓▓▓▓▓▓▓▓▓▓▓▓▓▓▓▓▓▓░░░░░░░░░░░░░░░
░░░░░░░░░░░░░░░▓▓▓▓▓▓▓▓▓▓▓▓▓▓▓▓▓▓▓▓▓▓▓▓▓▓▓▓▓▓▓▓▓▓░░░░░░░░░░░░░░░
░░░░░░░░░░░░░░░▓▓▓▓▓▓▓▓▓▓▓▓▓▓▓▓▓▓▓▓▓▓▓▓▓▓▓▓▓▓▓▓▓▓░░░░░░░░░░░░░░░
░░░░░░░░░░░░░░░▓▓▓▓▓▓▓▓▓▓▓▓▓▓▓▒▒▒▒▓▓▓▓▓▓▓▓▓▓▓▓▓▓▓░░░░░░░░░░░░░░░
░░░░░░░░░░░░░░░▓▓▓▓▓▓▓▓▓▓▓▓▒░░░░░░░░▒▓▓▓▓▓▓▓▓▓▓▓▓░░░░░░░░░░░░░░░
░░░░░░░░░░░░░░░▓▓▓▓▓▓▓▓▒▒░░░░░░░░░░░░░░▒▒▓▓▓▓▓▓▓▓░░░░░░░░░░░░░░░
░░░░░░░░░░░░░░░▓▓▓▓▓▒░░░░░░░░░░░░░░░░░░░░░░▒▓▓▓▓▓░░░░░░░░░░░░░░░
░░░░░░░░░░░░░░░▓▒░░░░░░░░░░░░░░░░░░░░░░░░░░░░░░▒▓░░░░░░░░░░░░░░░
░░░░░░░░░░░░░░░░░░░░░░░░░░░░░░░░░░░░░░░░░░░░░░░░░░░░░░░░░░░░░░░░
░░░░░░░░░░░░░░░░░░░░░░░░░░░░░░░░░░░░░░░░░░░░░░░░░░░░░░░░░░░░░░░░
░░░░░░░░░░ TO BUILD A NEW ECONOMIC ENGINE FOR CULTURE ░░░░░░░░░░
░░░░░░░░░░░░░░░░░░░░░░░░░░░░░░░░░░░░░░░░░░░░░░░░░░░░░░░░░░░░░░░░
░░░░░░░░░░░░░░░░░░░░░░░░░░░░░░░░░░░░░░░░░░░░░░░░░░░░░░░░░░░░░░░░
                   https://substack.com/jobs
 font-family:monospace
[2026-05-18T14:49:15.859Z] [info] %cDownload the React DevTools for a better development experience: https://react.dev/link/react-devtools font-weight:bold
[2026-05-18T14:49:15.905Z] [log] [HMR] connected
[2026-05-18T14:49:18.700Z] [log] [Fast Refresh] rebuilding
[2026-05-18T14:49:18.700Z] [log] [Fast Refresh] done in 102ms
[2026-05-18T14:49:18.725Z] [info] %cDownload the React DevTools for a better development experience: https://react.dev/link/react-devtools font-weight:bold
[2026-05-18T14:49:18.734Z] [log] [HMR] connected
[2026-05-18T14:50:01.727Z] [error] WebSocket connection to 'ws://localhost:3007/_next/webpack-hmr?id=DQVSAC3OydF61NeND1fC7' failed: Error in connection establishment: net::ERR_CONNECTION_REFUSED
[2026-05-18T14:50:02.730Z] [error] WebSocket connection to 'ws://localhost:3007/_next/webpack-hmr?id=DQVSAC3OydF61NeND1fC7' failed: Error in connection establishment: net::ERR_CONNECTION_REFUSED
[2026-05-18T14:50:03.732Z] [error] WebSocket connection to 'ws://localhost:3007/_next/webpack-hmr?id=DQVSAC3OydF61NeND1fC7' failed: Error in connection establishment: net::ERR_CONNECTION_REFUSED
[2026-05-18T14:50:04.735Z] [error] WebSocket connection to 'ws://localhost:3007/_next/webpack-hmr?id=DQVSAC3OydF61NeND1fC7' failed: Error in connection establishment: net::ERR_CONNECTION_REFUSED
[2026-05-18T14:50:05.737Z] [error] WebSocket connection to 'ws://localhost:3007/_next/webpack-hmr?id=DQVSAC3OydF61NeND1fC7' failed: Error in connection establishment: net::ERR_CONNECTION_REFUSED
[2026-05-18T14:50:10.739Z] [error] WebSocket connection to 'ws://localhost:3007/_next/webpack-hmr?id=DQVSAC3OydF61NeND1fC7' failed: Error in connection establishment: net::ERR_CONNECTION_REFUSED
[2026-05-18T14:50:15.741Z] [error] WebSocket connection to 'ws://localhost:3007/_next/webpack-hmr?id=DQVSAC3OydF61NeND1fC7' failed: Error in connection establishment: net::ERR_CONNECTION_REFUSED
[2026-05-18T14:50:20.745Z] [error] WebSocket connection to 'ws://localhost:3007/_next/webpack-hmr?id=DQVSAC3OydF61NeND1fC7' failed: Error in connection establishment: net::ERR_CONNECTION_REFUSED
[2026-05-18T14:50:25.747Z] [error] WebSocket connection to 'ws://localhost:3007/_next/webpack-hmr?id=DQVSAC3OydF61NeND1fC7' failed: Error in connection establishment: net::ERR_CONNECTION_REFUSED
[2026-05-18T14:50:30.749Z] [error] WebSocket connection to 'ws://localhost:3007/_next/webpack-hmr?id=DQVSAC3OydF61NeND1fC7' failed: Error in connection establishment: net::ERR_CONNECTION_REFUSED
[2026-05-18T14:50:35.754Z] [error] WebSocket connection to 'ws://localhost:3007/_next/webpack-hmr?id=DQVSAC3OydF61NeND1fC7' failed: Error in connection establishment: net::ERR_CONNECTION_REFUSED
[2026-05-18T14:50:40.757Z] [error] WebSocket connection to 'ws://localhost:3007/_next/webpack-hmr?id=DQVSAC3OydF61NeND1fC7' failed: Error in connection establishment: net::ERR_CONNECTION_REFUSED
